Build started 2014/3/21 16:41:19.
     1>Project "C:\Users\Barret\Desktop\zxw03u-G52CPPCW\src\CourseworkBase.vcxproj" on node 2 (Build target(s)).
     1>ClCompile:
         C:\Program Files (x86)\Microsoft Visual Studio 11.0\VC\bin\CL.exe /c /I"..\SDL_ttf-2.0.9\include" /I"..\SDL-1.2.13\include" /ZI /nologo /W1 /WX- /Od /Oy- /Gm- /EHsc /MD /GS /fp:precise /Zc:wchar_t /Zc:forScope /Fo"C:\Users\Barret\Desktop\zxw03u-G52CPPCW\/Debug\\" /Fd"C:\Users\Barret\Desktop\zxw03u-G52CPPCW\/Debug\vc110.pdb" /FR"C:\Users\Barret\Desktop\zxw03u-G52CPPCW\/Debug\\" /Gd /TP /analyze- /errorReport:prompt CombinedBlock.cpp MyProjectMain.cpp
         CombinedBlock.cpp
         MyProjectMain.cpp
         Generating Code...
       Link:
         C:\Program Files (x86)\Microsoft Visual Studio 11.0\VC\bin\link.exe /ERRORREPORT:PROMPT /OUT:"C:\Users\Barret\Desktop\zxw03u-G52CPPCW\/Debug\CourseworkBase.exe" /NOLOGO /LIBPATH:"..\SDL-1.2.13\lib" /LIBPATH:"..\SDL_ttf-2.0.9\lib" sdl.lib sdlmain.lib SDL_ttf.lib SDL_image.lib kernel32.lib user32.lib gdi32.lib winspool.lib comdlg32.lib advapi32.lib shell32.lib ole32.lib oleaut32.lib uuid.lib odbc32.lib odbccp32.lib /MANIFEST /MANIFESTUAC:"level='asInvoker' uiAccess='false'" /manifest:embed /DEBUG /PDB:"C:\Users\Barret\Desktop\zxw03u-G52CPPCW\/Debug\CourseworkBase.pdb" /MAP:"map" /SUBSYSTEM:CONSOLE /TLBID:1 /ENTRY:"mainCRTStartup" /DYNAMICBASE:NO /IMPLIB:"C:\Users\Barret\Desktop\zxw03u-G52CPPCW\/Debug\CourseworkBase.lib" /MACHINE:X86 /SAFESEH "C:\Users\Barret\Desktop\zxw03u-G52CPPCW\/Debug\CombinedBlock.obj"
         "C:\Users\Barret\Desktop\zxw03u-G52CPPCW\/Debug\Block.obj"
         "C:\Users\Barret\Desktop\zxw03u-G52CPPCW\/Debug\mainfunction.obj"
         "C:\Users\Barret\Desktop\zxw03u-G52CPPCW\/Debug\BaseEngine.obj"
         "C:\Users\Barret\Desktop\zxw03u-G52CPPCW\/Debug\DisplayableObject.obj"
         "C:\Users\Barret\Desktop\zxw03u-G52CPPCW\/Debug\FontManager.obj"
         "C:\Users\Barret\Desktop\zxw03u-G52CPPCW\/Debug\JPGImage.obj"
         "C:\Users\Barret\Desktop\zxw03u-G52CPPCW\/Debug\MyProjectMain.obj"
         "C:\Users\Barret\Desktop\zxw03u-G52CPPCW\/Debug\MyProjectTileManager.obj"
         "C:\Users\Barret\Desktop\zxw03u-G52CPPCW\/Debug\TileManager.obj"
         CourseworkBase.vcxproj -> C:\Users\Barret\Desktop\zxw03u-G52CPPCW\/Debug\CourseworkBase.exe
       BscMake:
         C:\Program Files (x86)\Microsoft Visual Studio 11.0\VC\bin\bscmake.exe /nologo /o"C:\Users\Barret\Desktop\zxw03u-G52CPPCW\/Debug\CourseworkBase.bsc" "C:\Users\Barret\Desktop\zxw03u-G52CPPCW\/Debug\CombinedBlock.sbr" "C:\Users\Barret\Desktop\zxw03u-G52CPPCW\/Debug\Block.sbr" "C:\Users\Barret\Desktop\zxw03u-G52CPPCW\/Debug\mainfunction.sbr" "C:\Users\Barret\Desktop\zxw03u-G52CPPCW\/Debug\BaseEngine.sbr" "C:\Users\Barret\Desktop\zxw03u-G52CPPCW\/Debug\DisplayableObject.sbr" "C:\Users\Barret\Desktop\zxw03u-G52CPPCW\/Debug\FontManager.sbr" "C:\Users\Barret\Desktop\zxw03u-G52CPPCW\/Debug\JPGImage.sbr" "C:\Users\Barret\Desktop\zxw03u-G52CPPCW\/Debug\MyProjectMain.sbr" "C:\Users\Barret\Desktop\zxw03u-G52CPPCW\/Debug\MyProjectTileManager.sbr" "C:\Users\Barret\Desktop\zxw03u-G52CPPCW\/Debug\TileManager.sbr"
     1>Done Building Project "C:\Users\Barret\Desktop\zxw03u-G52CPPCW\src\CourseworkBase.vcxproj" (Build target(s)).

Build succeeded.

Time Elapsed 00:00:02.30
