C:\USERS\BARRET\DESKTOP\ZXW03U-G52CPPCW\DEBUG\COURSEWORKBASE.BSC
C:\USERS\BARRET\DESKTOP\ZXW03U-G52CPPCW\DEBUG\COMBINEDBLOCK.SBR
C:\USERS\BARRET\DESKTOP\ZXW03U-G52CPPCW\DEBUG\BLOCK.SBR
C:\USERS\BARRET\DESKTOP\ZXW03U-G52CPPCW\DEBUG\MAINFUNCTION.SBR
C:\USERS\BARRET\DESKTOP\ZXW03U-G52CPPCW\DEBUG\BASEENGINE.SBR
C:\USERS\BARRET\DESKTOP\ZXW03U-G52CPPCW\DEBUG\DISPLAYABLEOBJECT.SBR
C:\USERS\BARRET\DESKTOP\ZXW03U-G52CPPCW\DEBUG\FONTMANAGER.SBR
C:\USERS\BARRET\DESKTOP\ZXW03U-G52CPPCW\DEBUG\JPGIMAGE.SBR
C:\USERS\BARRET\DESKTOP\ZXW03U-G52CPPCW\DEBUG\MYPROJECTMAIN.SBR
C:\USERS\BARRET\DESKTOP\ZXW03U-G52CPPCW\DEBUG\MYPROJECTTILEMANAGER.SBR
C:\USERS\BARRET\DESKTOP\ZXW03U-G52CPPCW\DEBUG\TILEMANAGER.SBR
C:\USERS\BARRET\DESKTOP\ZXW03U-G52CPPCW\DEBUG\TILEMANAGER.OBJ
C:\USERS\BARRET\DESKTOP\ZXW03U-G52CPPCW\DEBUG\MYPROJECTTILEMANAGER.OBJ
C:\USERS\BARRET\DESKTOP\ZXW03U-G52CPPCW\DEBUG\MYPROJECTMAIN.OBJ
C:\USERS\BARRET\DESKTOP\ZXW03U-G52CPPCW\DEBUG\JPGIMAGE.OBJ
C:\USERS\BARRET\DESKTOP\ZXW03U-G52CPPCW\DEBUG\FONTMANAGER.OBJ
C:\USERS\BARRET\DESKTOP\ZXW03U-G52CPPCW\DEBUG\DISPLAYABLEOBJECT.OBJ
C:\USERS\BARRET\DESKTOP\ZXW03U-G52CPPCW\DEBUG\BASEENGINE.OBJ
C:\USERS\BARRET\DESKTOP\ZXW03U-G52CPPCW\DEBUG\MAINFUNCTION.OBJ
C:\USERS\BARRET\DESKTOP\ZXW03U-G52CPPCW\DEBUG\BLOCK.OBJ
C:\USERS\BARRET\DESKTOP\ZXW03U-G52CPPCW\DEBUG\COMBINEDBLOCK.OBJ
C:\USERS\BARRET\DESKTOP\ZXW03U-G52CPPCW\DEBUG\VC110.PDB
C:\USERS\BARRET\DESKTOP\ZXW03U-G52CPPCW\DEBUG\COURSEWORKBASE.ILK
C:\USERS\BARRET\DESKTOP\ZXW03U-G52CPPCW\DEBUG\COURSEWORKBASE.EXE
C:\USERS\BARRET\DESKTOP\ZXW03U-G52CPPCW\SRC\MAP
C:\USERS\BARRET\DESKTOP\ZXW03U-G52CPPCW\DEBUG\COURSEWORKBASE.PDB
C:\Users\Barret\Desktop\zxw03u-G52CPPCW\Debug\BaseEngine.obj
C:\Users\Barret\Desktop\zxw03u-G52CPPCW\Debug\Block.obj
C:\Users\Barret\Desktop\zxw03u-G52CPPCW\Debug\Block1.obj
C:\Users\Barret\Desktop\zxw03u-G52CPPCW\Debug\Block2.obj
C:\Users\Barret\Desktop\zxw03u-G52CPPCW\Debug\Block3.obj
C:\Users\Barret\Desktop\zxw03u-G52CPPCW\Debug\BouncingBall.obj
C:\Users\Barret\Desktop\zxw03u-G52CPPCW\Debug\BouncingBallMain.obj
C:\Users\Barret\Desktop\zxw03u-G52CPPCW\Debug\CombinedBlock.obj
C:\Users\Barret\Desktop\zxw03u-G52CPPCW\Debug\Demo2aMain.obj
C:\Users\Barret\Desktop\zxw03u-G52CPPCW\Debug\Demo2Main.obj
C:\Users\Barret\Desktop\zxw03u-G52CPPCW\Debug\Demo2Object.obj
C:\Users\Barret\Desktop\zxw03u-G52CPPCW\Debug\Demo2TileManager.obj
C:\Users\Barret\Desktop\zxw03u-G52CPPCW\Debug\Demo3Main.obj
C:\Users\Barret\Desktop\zxw03u-G52CPPCW\Debug\Demo3Object.obj
C:\Users\Barret\Desktop\zxw03u-G52CPPCW\Debug\Demo3ObjectFinished.obj
C:\Users\Barret\Desktop\zxw03u-G52CPPCW\Debug\Demo3TileManager.obj
C:\Users\Barret\Desktop\zxw03u-G52CPPCW\Debug\Demo4Main.obj
C:\Users\Barret\Desktop\zxw03u-G52CPPCW\Debug\Demo4Object.obj
C:\Users\Barret\Desktop\zxw03u-G52CPPCW\Debug\Demo4TileManager.obj
C:\Users\Barret\Desktop\zxw03u-G52CPPCW\Debug\DisplayableObject.obj
C:\Users\Barret\Desktop\zxw03u-G52CPPCW\Debug\FontManager.obj
C:\Users\Barret\Desktop\zxw03u-G52CPPCW\Debug\JPGImage.obj
C:\Users\Barret\Desktop\zxw03u-G52CPPCW\Debug\MainBlock.obj
C:\Users\Barret\Desktop\zxw03u-G52CPPCW\Debug\mainfunction.obj
C:\Users\Barret\Desktop\zxw03u-G52CPPCW\Debug\MyProjectMain.obj
C:\Users\Barret\Desktop\zxw03u-G52CPPCW\Debug\MyProjectObject.obj
C:\Users\Barret\Desktop\zxw03u-G52CPPCW\Debug\MyProjectTileManager.obj
C:\Users\Barret\Desktop\zxw03u-G52CPPCW\Debug\TileManager.obj
C:\Users\Barret\Desktop\zxw03u-G52CPPCW\Debug\CourseworkBase.ilk
C:\Users\Barret\Desktop\zxw03u-G52CPPCW\Debug\BscMake.command.1.tlog
C:\Users\Barret\Desktop\zxw03u-G52CPPCW\Debug\bscmake.read.1.tlog
C:\Users\Barret\Desktop\zxw03u-G52CPPCW\Debug\bscmake.write.1.tlog
C:\Users\Barret\Desktop\zxw03u-G52CPPCW\Debug\cl.command.1.tlog
C:\Users\Barret\Desktop\zxw03u-G52CPPCW\Debug\CL.read.1.tlog
C:\Users\Barret\Desktop\zxw03u-G52CPPCW\Debug\CL.write.1.tlog
C:\Users\Barret\Desktop\zxw03u-G52CPPCW\Debug\link-cvtres.read.1.tlog
C:\Users\Barret\Desktop\zxw03u-G52CPPCW\Debug\link-cvtres.write.1.tlog
C:\Users\Barret\Desktop\zxw03u-G52CPPCW\Debug\link-rc.read.1.tlog
C:\Users\Barret\Desktop\zxw03u-G52CPPCW\Debug\link-rc.write.1.tlog
C:\Users\Barret\Desktop\zxw03u-G52CPPCW\Debug\link.1696-cvtres.read.1.tlog
C:\Users\Barret\Desktop\zxw03u-G52CPPCW\Debug\link.1696-cvtres.write.1.tlog
C:\Users\Barret\Desktop\zxw03u-G52CPPCW\Debug\link.1696-rc.read.1.tlog
C:\Users\Barret\Desktop\zxw03u-G52CPPCW\Debug\link.1696-rc.write.1.tlog
C:\Users\Barret\Desktop\zxw03u-G52CPPCW\Debug\link.1696.read.1.tlog
C:\Users\Barret\Desktop\zxw03u-G52CPPCW\Debug\link.1696.write.1.tlog
C:\Users\Barret\Desktop\zxw03u-G52CPPCW\Debug\link.1872-cvtres.read.1.tlog
C:\Users\Barret\Desktop\zxw03u-G52CPPCW\Debug\link.1872-cvtres.write.1.tlog
C:\Users\Barret\Desktop\zxw03u-G52CPPCW\Debug\link.1872-rc.read.1.tlog
C:\Users\Barret\Desktop\zxw03u-G52CPPCW\Debug\link.1872-rc.write.1.tlog
C:\Users\Barret\Desktop\zxw03u-G52CPPCW\Debug\link.1872.read.1.tlog
C:\Users\Barret\Desktop\zxw03u-G52CPPCW\Debug\link.1872.write.1.tlog
C:\Users\Barret\Desktop\zxw03u-G52CPPCW\Debug\link.1888-cvtres.read.1.tlog
C:\Users\Barret\Desktop\zxw03u-G52CPPCW\Debug\link.1888-cvtres.write.1.tlog
C:\Users\Barret\Desktop\zxw03u-G52CPPCW\Debug\link.1888-rc.read.1.tlog
C:\Users\Barret\Desktop\zxw03u-G52CPPCW\Debug\link.1888-rc.write.1.tlog
C:\Users\Barret\Desktop\zxw03u-G52CPPCW\Debug\link.1888.read.1.tlog
C:\Users\Barret\Desktop\zxw03u-G52CPPCW\Debug\link.1888.write.1.tlog
C:\Users\Barret\Desktop\zxw03u-G52CPPCW\Debug\link.2280-cvtres.read.1.tlog
C:\Users\Barret\Desktop\zxw03u-G52CPPCW\Debug\link.2280-cvtres.write.1.tlog
C:\Users\Barret\Desktop\zxw03u-G52CPPCW\Debug\link.2280-rc.read.1.tlog
C:\Users\Barret\Desktop\zxw03u-G52CPPCW\Debug\link.2280-rc.write.1.tlog
C:\Users\Barret\Desktop\zxw03u-G52CPPCW\Debug\link.2280.read.1.tlog
C:\Users\Barret\Desktop\zxw03u-G52CPPCW\Debug\link.2280.write.1.tlog
C:\Users\Barret\Desktop\zxw03u-G52CPPCW\Debug\link.2868-cvtres.read.1.tlog
C:\Users\Barret\Desktop\zxw03u-G52CPPCW\Debug\link.2868-cvtres.write.1.tlog
C:\Users\Barret\Desktop\zxw03u-G52CPPCW\Debug\link.2868-rc.read.1.tlog
C:\Users\Barret\Desktop\zxw03u-G52CPPCW\Debug\link.2868-rc.write.1.tlog
C:\Users\Barret\Desktop\zxw03u-G52CPPCW\Debug\link.2868.read.1.tlog
C:\Users\Barret\Desktop\zxw03u-G52CPPCW\Debug\link.2868.write.1.tlog
C:\Users\Barret\Desktop\zxw03u-G52CPPCW\Debug\link.4444-cvtres.read.1.tlog
C:\Users\Barret\Desktop\zxw03u-G52CPPCW\Debug\link.4444-cvtres.write.1.tlog
C:\Users\Barret\Desktop\zxw03u-G52CPPCW\Debug\link.4444-rc.read.1.tlog
C:\Users\Barret\Desktop\zxw03u-G52CPPCW\Debug\link.4444-rc.write.1.tlog
C:\Users\Barret\Desktop\zxw03u-G52CPPCW\Debug\link.4444.read.1.tlog
C:\Users\Barret\Desktop\zxw03u-G52CPPCW\Debug\link.4444.write.1.tlog
C:\Users\Barret\Desktop\zxw03u-G52CPPCW\Debug\link.5200-cvtres.read.1.tlog
C:\Users\Barret\Desktop\zxw03u-G52CPPCW\Debug\link.5200-cvtres.write.1.tlog
C:\Users\Barret\Desktop\zxw03u-G52CPPCW\Debug\link.5200-rc.read.1.tlog
C:\Users\Barret\Desktop\zxw03u-G52CPPCW\Debug\link.5200-rc.write.1.tlog
C:\Users\Barret\Desktop\zxw03u-G52CPPCW\Debug\link.5200.read.1.tlog
C:\Users\Barret\Desktop\zxw03u-G52CPPCW\Debug\link.5200.write.1.tlog
C:\Users\Barret\Desktop\zxw03u-G52CPPCW\Debug\link.5252-cvtres.read.1.tlog
C:\Users\Barret\Desktop\zxw03u-G52CPPCW\Debug\link.5252-cvtres.write.1.tlog
C:\Users\Barret\Desktop\zxw03u-G52CPPCW\Debug\link.5252-rc.read.1.tlog
C:\Users\Barret\Desktop\zxw03u-G52CPPCW\Debug\link.5252-rc.write.1.tlog
C:\Users\Barret\Desktop\zxw03u-G52CPPCW\Debug\link.5252.read.1.tlog
C:\Users\Barret\Desktop\zxw03u-G52CPPCW\Debug\link.5252.write.1.tlog
C:\Users\Barret\Desktop\zxw03u-G52CPPCW\Debug\link.5612-cvtres.read.1.tlog
C:\Users\Barret\Desktop\zxw03u-G52CPPCW\Debug\link.5612-cvtres.write.1.tlog
C:\Users\Barret\Desktop\zxw03u-G52CPPCW\Debug\link.5612-rc.read.1.tlog
C:\Users\Barret\Desktop\zxw03u-G52CPPCW\Debug\link.5612-rc.write.1.tlog
C:\Users\Barret\Desktop\zxw03u-G52CPPCW\Debug\link.5612.read.1.tlog
C:\Users\Barret\Desktop\zxw03u-G52CPPCW\Debug\link.5612.write.1.tlog
C:\Users\Barret\Desktop\zxw03u-G52CPPCW\Debug\link.5644-cvtres.read.1.tlog
C:\Users\Barret\Desktop\zxw03u-G52CPPCW\Debug\link.5644-cvtres.write.1.tlog
C:\Users\Barret\Desktop\zxw03u-G52CPPCW\Debug\link.5644-rc.read.1.tlog
C:\Users\Barret\Desktop\zxw03u-G52CPPCW\Debug\link.5644-rc.write.1.tlog
C:\Users\Barret\Desktop\zxw03u-G52CPPCW\Debug\link.5644.read.1.tlog
C:\Users\Barret\Desktop\zxw03u-G52CPPCW\Debug\link.5644.write.1.tlog
C:\Users\Barret\Desktop\zxw03u-G52CPPCW\Debug\link.5680-cvtres.read.1.tlog
C:\Users\Barret\Desktop\zxw03u-G52CPPCW\Debug\link.5680-cvtres.write.1.tlog
C:\Users\Barret\Desktop\zxw03u-G52CPPCW\Debug\link.5680-rc.read.1.tlog
C:\Users\Barret\Desktop\zxw03u-G52CPPCW\Debug\link.5680-rc.write.1.tlog
C:\Users\Barret\Desktop\zxw03u-G52CPPCW\Debug\link.5680.read.1.tlog
C:\Users\Barret\Desktop\zxw03u-G52CPPCW\Debug\link.5680.write.1.tlog
C:\Users\Barret\Desktop\zxw03u-G52CPPCW\Debug\link.5940-cvtres.read.1.tlog
C:\Users\Barret\Desktop\zxw03u-G52CPPCW\Debug\link.5940-cvtres.write.1.tlog
C:\Users\Barret\Desktop\zxw03u-G52CPPCW\Debug\link.5940-rc.read.1.tlog
C:\Users\Barret\Desktop\zxw03u-G52CPPCW\Debug\link.5940-rc.write.1.tlog
C:\Users\Barret\Desktop\zxw03u-G52CPPCW\Debug\link.5940.read.1.tlog
C:\Users\Barret\Desktop\zxw03u-G52CPPCW\Debug\link.5940.write.1.tlog
C:\Users\Barret\Desktop\zxw03u-G52CPPCW\Debug\link.6200-cvtres.read.1.tlog
C:\Users\Barret\Desktop\zxw03u-G52CPPCW\Debug\link.6200-cvtres.write.1.tlog
C:\Users\Barret\Desktop\zxw03u-G52CPPCW\Debug\link.6200-rc.read.1.tlog
C:\Users\Barret\Desktop\zxw03u-G52CPPCW\Debug\link.6200-rc.write.1.tlog
C:\Users\Barret\Desktop\zxw03u-G52CPPCW\Debug\link.6200.read.1.tlog
C:\Users\Barret\Desktop\zxw03u-G52CPPCW\Debug\link.6200.write.1.tlog
C:\Users\Barret\Desktop\zxw03u-G52CPPCW\Debug\link.6696-cvtres.read.1.tlog
C:\Users\Barret\Desktop\zxw03u-G52CPPCW\Debug\link.6696-cvtres.write.1.tlog
C:\Users\Barret\Desktop\zxw03u-G52CPPCW\Debug\link.6696-rc.read.1.tlog
C:\Users\Barret\Desktop\zxw03u-G52CPPCW\Debug\link.6696-rc.write.1.tlog
C:\Users\Barret\Desktop\zxw03u-G52CPPCW\Debug\link.6696.read.1.tlog
C:\Users\Barret\Desktop\zxw03u-G52CPPCW\Debug\link.6696.write.1.tlog
C:\Users\Barret\Desktop\zxw03u-G52CPPCW\Debug\link.6936-cvtres.read.1.tlog
C:\Users\Barret\Desktop\zxw03u-G52CPPCW\Debug\link.6936-cvtres.write.1.tlog
C:\Users\Barret\Desktop\zxw03u-G52CPPCW\Debug\link.6936-rc.read.1.tlog
C:\Users\Barret\Desktop\zxw03u-G52CPPCW\Debug\link.6936-rc.write.1.tlog
C:\Users\Barret\Desktop\zxw03u-G52CPPCW\Debug\link.6936.read.1.tlog
C:\Users\Barret\Desktop\zxw03u-G52CPPCW\Debug\link.6936.write.1.tlog
C:\Users\Barret\Desktop\zxw03u-G52CPPCW\Debug\link.7448-cvtres.read.1.tlog
C:\Users\Barret\Desktop\zxw03u-G52CPPCW\Debug\link.7448-cvtres.write.1.tlog
C:\Users\Barret\Desktop\zxw03u-G52CPPCW\Debug\link.7448-rc.read.1.tlog
C:\Users\Barret\Desktop\zxw03u-G52CPPCW\Debug\link.7448-rc.write.1.tlog
C:\Users\Barret\Desktop\zxw03u-G52CPPCW\Debug\link.7448.read.1.tlog
C:\Users\Barret\Desktop\zxw03u-G52CPPCW\Debug\link.7448.write.1.tlog
C:\Users\Barret\Desktop\zxw03u-G52CPPCW\Debug\link.7700-cvtres.read.1.tlog
C:\Users\Barret\Desktop\zxw03u-G52CPPCW\Debug\link.7700-cvtres.write.1.tlog
C:\Users\Barret\Desktop\zxw03u-G52CPPCW\Debug\link.7700-rc.read.1.tlog
C:\Users\Barret\Desktop\zxw03u-G52CPPCW\Debug\link.7700-rc.write.1.tlog
C:\Users\Barret\Desktop\zxw03u-G52CPPCW\Debug\link.7700.read.1.tlog
C:\Users\Barret\Desktop\zxw03u-G52CPPCW\Debug\link.7700.write.1.tlog
C:\Users\Barret\Desktop\zxw03u-G52CPPCW\Debug\link.command.1.tlog
C:\Users\Barret\Desktop\zxw03u-G52CPPCW\Debug\link.read.1.tlog
C:\Users\Barret\Desktop\zxw03u-G52CPPCW\Debug\link.write.1.tlog
C:\Users\Barret\Desktop\zxw03u-G52CPPCW\Debug\vc110.idb
C:\Users\Barret\Desktop\zxw03u-G52CPPCW\Debug\CourseworkBase.pdb
C:\Users\Barret\Desktop\zxw03u-G52CPPCW\Debug\vc110.pdb
C:\Users\Barret\Desktop\zxw03u-G52CPPCW\Debug\CourseworkBase.bsc
C:\Users\Barret\Desktop\zxw03u-G52CPPCW\Debug\BaseEngine.sbr
C:\Users\Barret\Desktop\zxw03u-G52CPPCW\Debug\Block.sbr
C:\Users\Barret\Desktop\zxw03u-G52CPPCW\Debug\Block1.sbr
C:\Users\Barret\Desktop\zxw03u-G52CPPCW\Debug\Block2.sbr
C:\Users\Barret\Desktop\zxw03u-G52CPPCW\Debug\Block3.sbr
C:\Users\Barret\Desktop\zxw03u-G52CPPCW\Debug\BouncingBall.sbr
C:\Users\Barret\Desktop\zxw03u-G52CPPCW\Debug\BouncingBallMain.sbr
C:\Users\Barret\Desktop\zxw03u-G52CPPCW\Debug\CombinedBlock.sbr
C:\Users\Barret\Desktop\zxw03u-G52CPPCW\Debug\Demo2aMain.sbr
C:\Users\Barret\Desktop\zxw03u-G52CPPCW\Debug\Demo2Main.sbr
C:\Users\Barret\Desktop\zxw03u-G52CPPCW\Debug\Demo2Object.sbr
C:\Users\Barret\Desktop\zxw03u-G52CPPCW\Debug\Demo2TileManager.sbr
C:\Users\Barret\Desktop\zxw03u-G52CPPCW\Debug\Demo3Main.sbr
C:\Users\Barret\Desktop\zxw03u-G52CPPCW\Debug\Demo3Object.sbr
C:\Users\Barret\Desktop\zxw03u-G52CPPCW\Debug\Demo3ObjectFinished.sbr
C:\Users\Barret\Desktop\zxw03u-G52CPPCW\Debug\Demo3TileManager.sbr
C:\Users\Barret\Desktop\zxw03u-G52CPPCW\Debug\Demo4Main.sbr
C:\Users\Barret\Desktop\zxw03u-G52CPPCW\Debug\Demo4Object.sbr
C:\Users\Barret\Desktop\zxw03u-G52CPPCW\Debug\Demo4TileManager.sbr
C:\Users\Barret\Desktop\zxw03u-G52CPPCW\Debug\DisplayableObject.sbr
C:\Users\Barret\Desktop\zxw03u-G52CPPCW\Debug\FontManager.sbr
C:\Users\Barret\Desktop\zxw03u-G52CPPCW\Debug\JPGImage.sbr
C:\Users\Barret\Desktop\zxw03u-G52CPPCW\Debug\mainBlock.sbr
C:\Users\Barret\Desktop\zxw03u-G52CPPCW\Debug\mainfunction.sbr
C:\Users\Barret\Desktop\zxw03u-G52CPPCW\Debug\MyProjectMain.sbr
C:\Users\Barret\Desktop\zxw03u-G52CPPCW\Debug\MyProjectObject.sbr
C:\Users\Barret\Desktop\zxw03u-G52CPPCW\Debug\MyProjectTileManager.sbr
C:\Users\Barret\Desktop\zxw03u-G52CPPCW\Debug\TileManager.sbr
C:\Users\Barret\Desktop\zxw03u-G52CPPCW\/Debug\CourseworkBase.pdb
C:\Users\Barret\Desktop\zxw03u-G52CPPCW\/Debug\CourseworkBase.exe
C:\Users\Barret\Desktop\zxw03u-G52CPPCW\/Debug\CourseworkBase.bsc
C:\Users\Barret\Desktop\zxw03u-G52CPPCW\/Debug\CourseworkBase.ilk
